


ARM Macro Assembler    Page 1 


    1 00000000         ;/*
    2 00000000         ; * This file is part of the CmBacktrace Library.
    3 00000000         ; *
    4 00000000         ; * Copyright (c) 2016, Armink, <armink.ztl@gmail.com>
    5 00000000         ; *
    6 00000000         ; * Permission is hereby granted, free of charge, to any
                        person obtaining
    7 00000000         ; * a copy of this software and associated documentation
                        files (the
    8 00000000         ; * 'Software'), to deal in the Software without restric
                       tion, including
    9 00000000         ; * without limitation the rights to use, copy, modify, 
                       merge, publish,
   10 00000000         ; * distribute, sublicense, and/or sell copies of the So
                       ftware, and to
   11 00000000         ; * permit persons to whom the Software is furnished to 
                       do so, subject to
   12 00000000         ; * the following conditions:
   13 00000000         ; *
   14 00000000         ; * The above copyright notice and this permission notic
                       e shall be
   15 00000000         ; * included in all copies or substantial portions of th
                       e Software.
   16 00000000         ; *
   17 00000000         ; * THE SOFTWARE IS PROVIDED 'AS IS', WITHOUT WARRANTY O
                       F ANY KIND,
   18 00000000         ; * EXPRESS OR IMPLIED, INCLUDING BUT NOT LIMITED TO THE
                        WARRANTIES OF
   19 00000000         ; * MERCHANTABILITY, FITNESS FOR A PARTICULAR PURPOSE AN
                       D NONINFRINGEMENT.
   20 00000000         ; * IN NO EVENT SHALL THE AUTHORS OR COPYRIGHT HOLDERS B
                       E LIABLE FOR ANY
   21 00000000         ; * CLAIM, DAMAGES OR OTHER LIABILITY, WHETHER IN AN ACT
                       ION OF CONTRACT,
   22 00000000         ; * TORT OR OTHERWISE, ARISING FROM, OUT OF OR IN CONNEC
                       TION WITH THE
   23 00000000         ; * SOFTWARE OR THE USE OR OTHER DEALINGS IN THE SOFTWAR
                       E.
   24 00000000         ; *
   25 00000000         ; * Function: Fault handler by MDK-ARM assembly code
   26 00000000         ; * Created on: 2016-12-16
   27 00000000         ; */
   28 00000000         
   29 00000000                 AREA             |.text|, CODE, READONLY, ALIGN=
2
   30 00000000                 THUMB
   31 00000000                 REQUIRE8
   32 00000000                 PRESERVE8
   33 00000000         
   34 00000000         ; NOTE: If use this file's HardFault_Handler, please com
                       ments the HardFault_Handler code on other file.
   35 00000000                 IMPORT           cm_backtrace_fault
   36 00000000                 EXPORT           HardFault_Handler
   37 00000000                 EXPORT           MemManage_Handler
   38 00000000                 EXPORT           BusFault_Handler
   39 00000000                 EXPORT           UsageFault_Handler
   40 00000000         
   41 00000000         HardFault_Handler
                               PROC



ARM Macro Assembler    Page 2 


   42 00000000 4670            MOV              r0, lr      ; get lr
   43 00000002 4669            MOV              r1, sp      ; get stack pointer
                                                             (current is MSP)
   44 00000004 F7FF FFFE       BL               cm_backtrace_fault
   45 00000008 E00E            B                Fault_Loop
   46 0000000A                 ENDP
   47 0000000A         
   48 0000000A         MemManage_Handler
                               PROC
   49 0000000A 4670            MOV              r0, lr      ; get lr
   50 0000000C 4669            MOV              r1, sp      ; get stack pointer
                                                             (current is MSP)
   51 0000000E F7FF FFFE       BL               cm_backtrace_fault
   52 00000012 E009            B                Fault_Loop
   53 00000014                 ENDP
   54 00000014         
   55 00000014         BusFault_Handler
                               PROC
   56 00000014 4670            MOV              r0, lr      ; get lr
   57 00000016 4669            MOV              r1, sp      ; get stack pointer
                                                             (current is MSP)
   58 00000018 F7FF FFFE       BL               cm_backtrace_fault
   59 0000001C E004            B                Fault_Loop
   60 0000001E                 ENDP
   61 0000001E         
   62 0000001E         UsageFault_Handler
                               PROC
   63 0000001E 4670            MOV              r0, lr      ; get lr
   64 00000020 4669            MOV              r1, sp      ; get stack pointer
                                                             (current is MSP)
   65 00000022 F7FF FFFE       BL               cm_backtrace_fault
   66 00000026 E7FF            B                Fault_Loop
   67 00000028                 ENDP
   68 00000028         
   69 00000028         Fault_Loop
   70 00000028 E7FE            B                Fault_Loop  ;while(1)
   71 0000002A         
   72 0000002A                 END
Command Line: --debug --xref --diag_suppress=9931 --cpu=Cortex-M4.fp --apcs=int
erwork --depend=..\output\cmb_fault.d -o..\output\cmb_fault.o -I.\RTE\_Bootload
erAndIAP -IE:\program\keil\ARM\PACK\Keil\STM32F4xx_DFP\2.2.0\Drivers\CMSIS\Devi
ce\ST\STM32F4xx\Include -IE:\program\keil\ARM\CMSIS\Include --predefine="__MICR
OLIB SETA 1" --predefine="__UVISION_VERSION SETA 524" --predefine="STM32F407xx 
SETA 1" --list=..\listings\cmb_fault.lst ..\Lib\CmBacktrace\fault_handler\keil\
cmb_fault.S



ARM Macro Assembler    Page 1 Alphabetic symbol ordering
Relocatable symbols

.text 00000000

Symbol: .text
   Definitions
      At line 29 in file ..\Lib\CmBacktrace\fault_handler\keil\cmb_fault.S
   Uses
      None
Comment: .text unused
BusFault_Handler 00000014

Symbol: BusFault_Handler
   Definitions
      At line 55 in file ..\Lib\CmBacktrace\fault_handler\keil\cmb_fault.S
   Uses
      At line 38 in file ..\Lib\CmBacktrace\fault_handler\keil\cmb_fault.S
Comment: BusFault_Handler used once
Fault_Loop 00000028

Symbol: Fault_Loop
   Definitions
      At line 69 in file ..\Lib\CmBacktrace\fault_handler\keil\cmb_fault.S
   Uses
      At line 45 in file ..\Lib\CmBacktrace\fault_handler\keil\cmb_fault.S
      At line 52 in file ..\Lib\CmBacktrace\fault_handler\keil\cmb_fault.S
      At line 59 in file ..\Lib\CmBacktrace\fault_handler\keil\cmb_fault.S
      At line 66 in file ..\Lib\CmBacktrace\fault_handler\keil\cmb_fault.S
      At line 70 in file ..\Lib\CmBacktrace\fault_handler\keil\cmb_fault.S

HardFault_Handler 00000000

Symbol: HardFault_Handler
   Definitions
      At line 41 in file ..\Lib\CmBacktrace\fault_handler\keil\cmb_fault.S
   Uses
      At line 36 in file ..\Lib\CmBacktrace\fault_handler\keil\cmb_fault.S
Comment: HardFault_Handler used once
MemManage_Handler 0000000A

Symbol: MemManage_Handler
   Definitions
      At line 48 in file ..\Lib\CmBacktrace\fault_handler\keil\cmb_fault.S
   Uses
      At line 37 in file ..\Lib\CmBacktrace\fault_handler\keil\cmb_fault.S
Comment: MemManage_Handler used once
UsageFault_Handler 0000001E

Symbol: UsageFault_Handler
   Definitions
      At line 62 in file ..\Lib\CmBacktrace\fault_handler\keil\cmb_fault.S
   Uses
      At line 39 in file ..\Lib\CmBacktrace\fault_handler\keil\cmb_fault.S
Comment: UsageFault_Handler used once
6 symbols



ARM Macro Assembler    Page 1 Alphabetic symbol ordering
External symbols

cm_backtrace_fault 00000000

Symbol: cm_backtrace_fault
   Definitions
      At line 35 in file ..\Lib\CmBacktrace\fault_handler\keil\cmb_fault.S
   Uses
      At line 44 in file ..\Lib\CmBacktrace\fault_handler\keil\cmb_fault.S
      At line 51 in file ..\Lib\CmBacktrace\fault_handler\keil\cmb_fault.S
      At line 58 in file ..\Lib\CmBacktrace\fault_handler\keil\cmb_fault.S
      At line 65 in file ..\Lib\CmBacktrace\fault_handler\keil\cmb_fault.S

1 symbol
341 symbols in table
